2018-11-18 09:22:44 ERROR ConnectionUtil:40 - Issue conneting to ONEBANK
java.sql.SQLException: No suitable driver found for jdbc:oracle:thin:@myrevaturerds.canvlljziodd.us-east-2.rds.amazonaws.com:1521:ORCL
	at java.sql.DriverManager.getConnection(DriverManager.java:689)
	at java.sql.DriverManager.getConnection(DriverManager.java:247)
	at com.revature.ConnectionUtil.getConnection(ConnectionUtil.java:22)
	at com.revature.ConnectionUtil.main(ConnectionUtil.java:37)
2018-11-18 09:29:54 ERROR MyConnection:40 - Issue conneting to ONEBANK
java.sql.SQLException: No suitable driver found for jdbc:oracle:thin:@myrevaturerds.canvlljziodd.us-east-2.rds.amazonaws.com:1521:ORCL
	at java.sql.DriverManager.getConnection(DriverManager.java:689)
	at java.sql.DriverManager.getConnection(DriverManager.java:247)
	at com.revature.MyConnection.getConnection(MyConnection.java:22)
	at com.revature.MyConnection.main(MyConnection.java:37)
2018-11-18 09:53:58 ERROR MyConnection:40 - Issue conneting to ONEBANK
java.sql.SQLException: No suitable driver found for jdbc:oracle:thin:@myrevaturerds.canvlljziodd.us-east-2.rds.amazonaws.com:1521:ORCL
	at java.sql.DriverManager.getConnection(DriverManager.java:689)
	at java.sql.DriverManager.getConnection(DriverManager.java:247)
	at com.revature.controller.MyConnection.getConnection(MyConnection.java:22)
	at com.revature.controller.MyConnection.main(MyConnection.java:37)
2018-11-18 09:58:27 ERROR MyConnection:30 - Issue conneting to ONEBANK
java.sql.SQLException: The url cannot be null
	at java.sql.DriverManager.getConnection(DriverManager.java:649)
	at java.sql.DriverManager.getConnection(DriverManager.java:247)
	at com.revature.controller.MyConnection.getConnection(MyConnection.java:21)
	at com.revature.controller.MyConnection.main(MyConnection.java:27)
2018-11-18 09:59:29 ERROR MyConnection:29 - Issue conneting to ONEBANK.
java.sql.SQLException: No suitable driver found for jdbc:oracle:thin:@myrevaturerds.canvlljziodd.us-east-2.rds.amazonaws.com:1521:ORCL
	at java.sql.DriverManager.getConnection(DriverManager.java:689)
	at java.sql.DriverManager.getConnection(DriverManager.java:247)
	at com.revature.controller.MyConnection.getConnection(MyConnection.java:20)
	at com.revature.controller.MyConnection.main(MyConnection.java:26)
2018-11-18 12:19:31 ERROR MyConnection:29 - Issue conneting to ONEBANK.
java.sql.SQLException: No suitable driver found for jdbc:oracle:thin:@myrevaturerds.canvlljziodd.us-east-2.rds.amazonaws.com:1521:ORCL
	at java.sql.DriverManager.getConnection(DriverManager.java:689)
	at java.sql.DriverManager.getConnection(DriverManager.java:247)
	at com.revature.controller.MyConnection.getConnection(MyConnection.java:20)
	at com.revature.controller.MyConnection.main(MyConnection.java:26)
2018-11-18 12:19:59 ERROR MyConnection:29 - Issue conneting to ONEBANK.
java.sql.SQLException: No suitable driver found for jdbc:oracle:thin:@myrevaturerds.canvlljziodd.us-east-2.rds.amazonaws.com:1521:ORCL
	at java.sql.DriverManager.getConnection(DriverManager.java:689)
	at java.sql.DriverManager.getConnection(DriverManager.java:247)
	at com.revature.controller.MyConnection.getConnection(MyConnection.java:20)
	at com.revature.controller.MyConnection.main(MyConnection.java:26)
2018-11-18 12:21:34 ERROR MyConnection:29 - Issue conneting to ONEBANK.
java.sql.SQLException: No suitable driver found for jdbc:oracle:thin:@myrevaturerds.canvlljziodd.us-east-2.rds.amazonaws.com:1521:ORCL
	at java.sql.DriverManager.getConnection(DriverManager.java:689)
	at java.sql.DriverManager.getConnection(DriverManager.java:247)
	at com.revature.controller.MyConnection.getConnection(MyConnection.java:20)
	at com.revature.controller.MyConnection.main(MyConnection.java:26)
2018-11-18 12:28:51 ERROR MyConnection:29 - Issue conneting to ONEBANK.
java.sql.SQLRecoverableException: IO Error: Invalid connection string format, a valid format is: "host:port:sid" 
	at oracle.jdbc.driver.T4CConnection.logon(T4CConnection.java:673)
	at oracle.jdbc.driver.PhysicalConnection.<init>(PhysicalConnection.java:715)
	at oracle.jdbc.driver.T4CConnection.<init>(T4CConnection.java:385)
	at oracle.jdbc.driver.T4CDriverExtension.getConnection(T4CDriverExtension.java:30)
	at oracle.jdbc.driver.OracleDriver.connect(OracleDriver.java:564)
	at java.sql.DriverManager.getConnection(DriverManager.java:664)
	at java.sql.DriverManager.getConnection(DriverManager.java:247)
	at com.revature.controller.MyConnection.getConnection(MyConnection.java:20)
	at com.revature.controller.MyConnection.main(MyConnection.java:26)
Caused by: oracle.net.ns.NetException: Invalid connection string format, a valid format is: "host:port:sid" 
	at oracle.net.resolver.AddrResolution.resolveSimple(AddrResolution.java:510)
	at oracle.net.resolver.AddrResolution.resolveAndExecute(AddrResolution.java:441)
	at oracle.net.ns.NSProtocol.establishConnection(NSProtocol.java:594)
	at oracle.net.ns.NSProtocol.connect(NSProtocol.java:229)
	at oracle.jdbc.driver.T4CConnection.connect(T4CConnection.java:1360)
	at oracle.jdbc.driver.T4CConnection.logon(T4CConnection.java:486)
	... 8 more
2018-11-18 12:33:48 ERROR MyConnection:29 - Issue conneting to ONEBANK.
java.sql.SQLException: No suitable driver found for localhost
	at java.sql.DriverManager.getConnection(DriverManager.java:689)
	at java.sql.DriverManager.getConnection(DriverManager.java:247)
	at com.revature.controller.MyConnection.getConnection(MyConnection.java:20)
	at com.revature.controller.MyConnection.main(MyConnection.java:26)
2018-11-18 12:34:26 ERROR MyConnection:29 - Issue conneting to ONEBANK.
java.sql.SQLException: No suitable driver found for localhost:1521:ORCL
	at java.sql.DriverManager.getConnection(DriverManager.java:689)
	at java.sql.DriverManager.getConnection(DriverManager.java:247)
	at com.revature.controller.MyConnection.getConnection(MyConnection.java:20)
	at com.revature.controller.MyConnection.main(MyConnection.java:26)
2018-11-18 12:34:56 ERROR MyConnection:29 - Issue conneting to ONEBANK.
java.sql.SQLException: No suitable driver found for xe:1521:ORCL
	at java.sql.DriverManager.getConnection(DriverManager.java:689)
	at java.sql.DriverManager.getConnection(DriverManager.java:247)
	at com.revature.controller.MyConnection.getConnection(MyConnection.java:20)
	at com.revature.controller.MyConnection.main(MyConnection.java:26)
2018-11-18 12:59:01 ERROR MyConnection:29 - Issue conneting to ONEBANK.
java.sql.SQLException: ORA-01017: invalid username/password; logon denied

	at oracle.jdbc.driver.T4CTTIoer.processError(T4CTTIoer.java:450)
	at oracle.jdbc.driver.T4CTTIoer.processError(T4CTTIoer.java:392)
	at oracle.jdbc.driver.T4CTTIoer.processError(T4CTTIoer.java:385)
	at oracle.jdbc.driver.T4CTTIfun.processError(T4CTTIfun.java:938)
	at oracle.jdbc.driver.T4CTTIoauthenticate.processError(T4CTTIoauthenticate.java:480)
	at oracle.jdbc.driver.T4CTTIfun.receive(T4CTTIfun.java:655)
	at oracle.jdbc.driver.T4CTTIfun.doRPC(T4CTTIfun.java:249)
	at oracle.jdbc.driver.T4CTTIoauthenticate.doOAUTH(T4CTTIoauthenticate.java:416)
	at oracle.jdbc.driver.T4CTTIoauthenticate.doOAUTH(T4CTTIoauthenticate.java:825)
	at oracle.jdbc.driver.T4CConnection.logon(T4CConnection.java:596)
	at oracle.jdbc.driver.PhysicalConnection.<init>(PhysicalConnection.java:715)
	at oracle.jdbc.driver.T4CConnection.<init>(T4CConnection.java:385)
	at oracle.jdbc.driver.T4CDriverExtension.getConnection(T4CDriverExtension.java:30)
	at oracle.jdbc.driver.OracleDriver.connect(OracleDriver.java:564)
	at java.sql.DriverManager.getConnection(DriverManager.java:664)
	at java.sql.DriverManager.getConnection(DriverManager.java:247)
	at com.revature.controller.MyConnection.getConnection(MyConnection.java:20)
	at com.revature.controller.MyConnection.main(MyConnection.java:26)
2018-11-18 13:03:59 ERROR MyConnection:29 - Issue conneting to ONEBANK.
java.sql.SQLException: ORA-01017: invalid username/password; logon denied

	at oracle.jdbc.driver.T4CTTIoer.processError(T4CTTIoer.java:450)
	at oracle.jdbc.driver.T4CTTIoer.processError(T4CTTIoer.java:392)
	at oracle.jdbc.driver.T4CTTIoer.processError(T4CTTIoer.java:385)
	at oracle.jdbc.driver.T4CTTIfun.processError(T4CTTIfun.java:938)
	at oracle.jdbc.driver.T4CTTIoauthenticate.processError(T4CTTIoauthenticate.java:480)
	at oracle.jdbc.driver.T4CTTIfun.receive(T4CTTIfun.java:655)
	at oracle.jdbc.driver.T4CTTIfun.doRPC(T4CTTIfun.java:249)
	at oracle.jdbc.driver.T4CTTIoauthenticate.doOAUTH(T4CTTIoauthenticate.java:416)
	at oracle.jdbc.driver.T4CTTIoauthenticate.doOAUTH(T4CTTIoauthenticate.java:825)
	at oracle.jdbc.driver.T4CConnection.logon(T4CConnection.java:596)
	at oracle.jdbc.driver.PhysicalConnection.<init>(PhysicalConnection.java:715)
	at oracle.jdbc.driver.T4CConnection.<init>(T4CConnection.java:385)
	at oracle.jdbc.driver.T4CDriverExtension.getConnection(T4CDriverExtension.java:30)
	at oracle.jdbc.driver.OracleDriver.connect(OracleDriver.java:564)
	at java.sql.DriverManager.getConnection(DriverManager.java:664)
	at java.sql.DriverManager.getConnection(DriverManager.java:247)
	at com.revature.controller.MyConnection.getConnection(MyConnection.java:20)
	at com.revature.controller.MyConnection.main(MyConnection.java:26)
2018-11-18 13:04:52 ERROR MyConnection:29 - Issue conneting to ONEBANK.
java.sql.SQLException: ORA-01017: invalid username/password; logon denied

	at oracle.jdbc.driver.T4CTTIoer.processError(T4CTTIoer.java:450)
	at oracle.jdbc.driver.T4CTTIoer.processError(T4CTTIoer.java:392)
	at oracle.jdbc.driver.T4CTTIoer.processError(T4CTTIoer.java:385)
	at oracle.jdbc.driver.T4CTTIfun.processError(T4CTTIfun.java:938)
	at oracle.jdbc.driver.T4CTTIoauthenticate.processError(T4CTTIoauthenticate.java:480)
	at oracle.jdbc.driver.T4CTTIfun.receive(T4CTTIfun.java:655)
	at oracle.jdbc.driver.T4CTTIfun.doRPC(T4CTTIfun.java:249)
	at oracle.jdbc.driver.T4CTTIoauthenticate.doOAUTH(T4CTTIoauthenticate.java:416)
	at oracle.jdbc.driver.T4CTTIoauthenticate.doOAUTH(T4CTTIoauthenticate.java:825)
	at oracle.jdbc.driver.T4CConnection.logon(T4CConnection.java:596)
	at oracle.jdbc.driver.PhysicalConnection.<init>(PhysicalConnection.java:715)
	at oracle.jdbc.driver.T4CConnection.<init>(T4CConnection.java:385)
	at oracle.jdbc.driver.T4CDriverExtension.getConnection(T4CDriverExtension.java:30)
	at oracle.jdbc.driver.OracleDriver.connect(OracleDriver.java:564)
	at java.sql.DriverManager.getConnection(DriverManager.java:664)
	at java.sql.DriverManager.getConnection(DriverManager.java:247)
	at com.revature.controller.MyConnection.getConnection(MyConnection.java:20)
	at com.revature.controller.MyConnection.main(MyConnection.java:26)
2018-11-18 16:44:44 TRACE MyConnection:24 - Attempting to connect to ONEBANK.
2018-11-18 16:44:45 INFO  MyConnection:27 - You are connected!
2018-11-19 19:36:51 TRACE MyConnection:23 - Attempting to connect to ONEBANK.
2018-11-19 19:36:52 INFO  MyConnection:26 - You are connected!
2018-11-19 22:54:20 TRACE MyConnection:23 - Attempting to connect to ONEBANK.
2018-11-19 22:54:21 INFO  MyConnection:26 - You are connected!
2018-11-20 08:04:28 TRACE MyConnection:23 - Attempting to connect to ONEBANK.
2018-11-20 08:04:30 INFO  MyConnection:26 - You are connected!
2018-11-20 08:17:52 TRACE MyConnection:27 - Attempting to connect to ONEBANK.
2018-11-20 08:17:53 INFO  MyConnection:30 - You are connected!
2018-11-20 19:16:36 TRACE MyConnection:27 - Attempting to connect to ONEBANK.
2018-11-20 19:16:37 INFO  MyConnection:30 - You are connected!
2018-11-20 19:21:05 TRACE MyConnection:27 - Attempting to connect to ONEBANK.
2018-11-20 19:21:06 INFO  MyConnection:30 - You are connected!
2018-11-20 19:21:40 TRACE MyConnection:27 - Attempting to connect to ONEBANK.
2018-11-20 19:21:41 INFO  MyConnection:30 - You are connected!
2018-11-20 19:22:25 TRACE MyConnection:27 - Attempting to connect to ONEBANK.
2018-11-20 19:22:25 INFO  MyConnection:30 - You are connected!
2018-11-20 23:04:51 TRACE MyConnection:27 - Attempting to connect to ONEBANK.
2018-11-20 23:04:52 INFO  MyConnection:30 - You are connected!
2018-11-23 11:23:54 TRACE MyConnection:27 - Attempting to connect to ONEBANK.
2018-11-23 11:23:57 INFO  MyConnection:30 - You are connected!
2018-11-24 10:09:26 TRACE MyConnection:27 - Attempting to connect to ONEBANK.
2018-11-24 10:09:28 INFO  MyConnection:30 - You are connected!
2018-11-24 14:28:57 TRACE MyConnection:36 - Attempting to connect to ONEBANK.
2018-11-24 14:28:58 INFO  MyConnection:39 - You are connected!
2018-11-24 14:29:40 TRACE MyConnection:36 - Attempting to connect to ONEBANK.
2018-11-24 14:29:41 INFO  MyConnection:39 - You are connected!
2018-11-24 14:30:23 TRACE MyConnection:36 - Attempting to connect to ONEBANK.
2018-11-24 14:30:24 INFO  MyConnection:39 - You are connected!
2018-11-24 14:30:34 TRACE MyConnection:36 - Attempting to connect to ONEBANK.
2018-11-24 14:30:35 INFO  MyConnection:39 - You are connected!
2018-11-24 14:31:20 TRACE MyConnection:36 - Attempting to connect to ONEBANK.
2018-11-24 14:31:21 INFO  MyConnection:39 - You are connected!
2018-11-24 14:31:28 TRACE MyConnection:36 - Attempting to connect to ONEBANK.
2018-11-24 14:31:29 INFO  MyConnection:39 - You are connected!
2018-11-24 14:32:42 TRACE MyConnection:36 - Attempting to connect to ONEBANK.
2018-11-24 14:32:43 INFO  MyConnection:39 - You are connected!
2018-11-24 14:35:28 TRACE MyConnection:36 - Attempting to connect to ONEBANK.
2018-11-24 14:35:29 INFO  MyConnection:39 - You are connected!
2018-11-24 14:37:10 TRACE MyConnection:36 - Attempting to connect to ONEBANK.
2018-11-24 14:37:11 INFO  MyConnection:39 - You are connected!
2018-11-24 14:39:54 TRACE MyConnection:36 - Attempting to connect to ONEBANK.
2018-11-24 14:39:55 INFO  MyConnection:39 - You are connected!
2018-11-24 14:41:42 TRACE MyConnection:36 - Attempting to connect to ONEBANK.
2018-11-24 14:41:43 INFO  MyConnection:39 - You are connected!
2018-11-24 14:45:15 TRACE MyConnection:36 - Attempting to connect to ONEBANK.
2018-11-24 14:45:16 INFO  MyConnection:39 - You are connected!
2018-11-24 14:46:08 TRACE MyConnection:36 - Attempting to connect to ONEBANK.
2018-11-24 14:46:10 INFO  MyConnection:39 - You are connected!
2018-11-24 14:57:26 TRACE MyConnection:36 - Attempting to connect to ONEBANK.
2018-11-24 14:57:27 INFO  MyConnection:39 - You are connected!
2018-11-24 15:05:02 TRACE MyConnection:36 - Attempting to connect to ONEBANK.
2018-11-24 15:05:03 INFO  MyConnection:39 - You are connected!
2018-11-24 15:05:47 TRACE MyConnection:36 - Attempting to connect to ONEBANK.
2018-11-24 15:05:48 INFO  MyConnection:39 - You are connected!
2018-11-24 15:06:14 TRACE MyConnection:36 - Attempting to connect to ONEBANK.
2018-11-24 15:06:15 INFO  MyConnection:39 - You are connected!
2018-11-24 15:10:12 TRACE MyConnection:36 - Attempting to connect to ONEBANK.
2018-11-24 15:10:13 INFO  MyConnection:39 - You are connected!
2018-11-24 15:13:36 TRACE MyConnection:36 - Attempting to connect to ONEBANK.
2018-11-24 15:13:37 INFO  MyConnection:39 - You are connected!
2018-11-24 15:27:39 TRACE MyConnection:36 - Attempting to connect to ONEBANK.
2018-11-24 15:27:40 INFO  MyConnection:39 - You are connected!
2018-11-24 15:27:47 ERROR AccountDaoJdbc:123 - Exception thrown when creating user.
2018-11-24 15:30:27 TRACE MyConnection:36 - Attempting to connect to ONEBANK.
2018-11-24 15:30:28 INFO  MyConnection:39 - You are connected!
2018-11-24 15:30:34 ERROR AccountDaoJdbc:125 - Exception thrown when creating user.
2018-11-24 15:31:17 TRACE MyConnection:36 - Attempting to connect to ONEBANK.
2018-11-24 15:31:18 INFO  MyConnection:39 - You are connected!
2018-11-24 15:31:27 TRACE MyConnection:36 - Attempting to connect to ONEBANK.
2018-11-24 15:31:28 INFO  MyConnection:39 - You are connected!
2018-11-24 15:31:43 ERROR AccountDaoJdbc:125 - Exception thrown when creating user.
2018-11-24 15:37:05 TRACE MyConnection:36 - Attempting to connect to ONEBANK.
2018-11-24 15:37:06 INFO  MyConnection:39 - You are connected!
2018-11-24 15:37:14 ERROR AccountDaoJdbc:127 - Exception thrown when creating user.
2018-11-24 15:44:15 TRACE MyConnection:36 - Attempting to connect to ONEBANK.
2018-11-24 15:44:16 INFO  MyConnection:39 - You are connected!
2018-11-24 15:44:24 ERROR AccountDaoJdbc:127 - Exception thrown when creating user.
2018-11-24 15:45:09 TRACE MyConnection:36 - Attempting to connect to ONEBANK.
2018-11-24 15:45:10 INFO  MyConnection:39 - You are connected!
2018-11-24 15:45:16 ERROR AccountDaoJdbc:127 - Exception thrown when creating user.
2018-11-24 15:46:38 TRACE MyConnection:36 - Attempting to connect to ONEBANK.
2018-11-24 15:46:39 INFO  MyConnection:39 - You are connected!
2018-11-24 15:46:45 ERROR AccountDaoJdbc:127 - Exception thrown when creating user.
2018-11-24 15:47:16 TRACE MyConnection:36 - Attempting to connect to ONEBANK.
2018-11-24 15:47:17 INFO  MyConnection:39 - You are connected!
2018-11-24 15:47:24 ERROR AccountDaoJdbc:127 - java.sql.SQLIntegrityConstraintViolationException: ORA-00001: unique constraint (ONEBANK.ACCOUNT_PK) violated

2018-11-24 15:54:17 TRACE MyConnection:36 - Attempting to connect to ONEBANK.
2018-11-24 15:54:18 INFO  MyConnection:39 - You are connected!
2018-11-24 15:55:02 TRACE MyConnection:36 - Attempting to connect to ONEBANK.
2018-11-24 15:55:03 INFO  MyConnection:39 - You are connected!
2018-11-24 15:55:40 TRACE MyConnection:36 - Attempting to connect to ONEBANK.
2018-11-24 15:55:41 INFO  MyConnection:39 - You are connected!
2018-11-25 15:40:47 TRACE Controller:22 - Attempting to connect to ONEBANK.
2018-11-25 15:40:48 INFO  Controller:25 - You are connected!
2018-11-25 16:44:43 TRACE Controller:29 - Attempting to connect to ONEBANK.
2018-11-25 16:44:44 INFO  Controller:32 - You are connected!
2018-11-25 16:49:07 TRACE Controller:29 - Attempting to connect to ONEBANK.
2018-11-25 16:49:08 INFO  Controller:32 - You are connected!
2018-11-25 17:15:54 TRACE Controller:29 - Attempting to connect to ONEBANK.
2018-11-25 17:15:55 INFO  Controller:32 - You are connected!
2018-11-25 17:44:58 TRACE Controller:29 - Attempting to connect to ONEBANK.
2018-11-25 17:44:58 INFO  Controller:32 - You are connected!
2018-11-25 17:45:39 TRACE Controller:29 - Attempting to connect to ONEBANK.
2018-11-25 17:45:40 INFO  Controller:32 - You are connected!
2018-11-25 20:16:33 TRACE Controller:29 - Attempting to connect to ONEBANK.
2018-11-25 20:16:40 INFO  Controller:32 - You are connected!
2018-11-25 21:00:21 TRACE Controller:29 - Attempting to connect to ONEBANK.
2018-11-25 21:00:22 INFO  Controller:32 - You are connected!
2018-11-25 21:01:59 TRACE Controller:29 - Attempting to connect to ONEBANK.
2018-11-25 21:02:02 INFO  Controller:32 - You are connected!
2018-11-25 21:02:25 ERROR AccountDaoJdbc:77 - Exception thrown when depositting money into account.
java.sql.SQLSyntaxErrorException: ORA-00942: table or view does not exist

	at oracle.jdbc.driver.T4CTTIoer.processError(T4CTTIoer.java:450)
	at oracle.jdbc.driver.T4CTTIoer.processError(T4CTTIoer.java:399)
	at oracle.jdbc.driver.T4C8Oall.processError(T4C8Oall.java:1017)
	at oracle.jdbc.driver.T4CTTIfun.receive(T4CTTIfun.java:655)
	at oracle.jdbc.driver.T4CTTIfun.doRPC(T4CTTIfun.java:249)
	at oracle.jdbc.driver.T4C8Oall.doOALL(T4C8Oall.java:566)
	at oracle.jdbc.driver.T4CPreparedStatement.doOall8(T4CPreparedStatement.java:215)
	at oracle.jdbc.driver.T4CPreparedStatement.doOall8(T4CPreparedStatement.java:58)
	at oracle.jdbc.driver.T4CPreparedStatement.executeForRows(T4CPreparedStatement.java:943)
	at oracle.jdbc.driver.OracleStatement.doExecuteWithTimeout(OracleStatement.java:1075)
	at oracle.jdbc.driver.OraclePreparedStatement.executeInternal(OraclePreparedStatement.java:3820)
	at oracle.jdbc.driver.OraclePreparedStatement.executeUpdate(OraclePreparedStatement.java:3897)
	at oracle.jdbc.driver.OraclePreparedStatementWrapper.executeUpdate(OraclePreparedStatementWrapper.java:1361)
	at com.revature.dao.AccountDaoJdbc.depositAccount(AccountDaoJdbc.java:66)
	at com.revature.service.AccountServiceImpl.depositAccount(AccountServiceImpl.java:26)
	at com.revature.controller.Controller.console(Controller.java:74)
	at com.revature.controller.Main.main(Main.java:6)
2018-11-25 21:04:40 TRACE Controller:29 - Attempting to connect to ONEBANK.
2018-11-25 21:04:42 INFO  Controller:32 - You are connected!
2018-11-25 21:05:27 TRACE Controller:29 - Attempting to connect to ONEBANK.
2018-11-25 21:05:28 INFO  Controller:32 - You are connected!
2018-11-25 21:05:46 TRACE Controller:29 - Attempting to connect to ONEBANK.
2018-11-25 21:05:47 INFO  Controller:32 - You are connected!
2018-11-25 21:06:10 ERROR AccountDaoJdbc:77 - Exception thrown when depositting money into account.
java.sql.SQLSyntaxErrorException: ORA-00942: table or view does not exist

	at oracle.jdbc.driver.T4CTTIoer.processError(T4CTTIoer.java:450)
	at oracle.jdbc.driver.T4CTTIoer.processError(T4CTTIoer.java:399)
	at oracle.jdbc.driver.T4C8Oall.processError(T4C8Oall.java:1017)
	at oracle.jdbc.driver.T4CTTIfun.receive(T4CTTIfun.java:655)
	at oracle.jdbc.driver.T4CTTIfun.doRPC(T4CTTIfun.java:249)
	at oracle.jdbc.driver.T4C8Oall.doOALL(T4C8Oall.java:566)
	at oracle.jdbc.driver.T4CPreparedStatement.doOall8(T4CPreparedStatement.java:215)
	at oracle.jdbc.driver.T4CPreparedStatement.doOall8(T4CPreparedStatement.java:58)
	at oracle.jdbc.driver.T4CPreparedStatement.executeForRows(T4CPreparedStatement.java:943)
	at oracle.jdbc.driver.OracleStatement.doExecuteWithTimeout(OracleStatement.java:1075)
	at oracle.jdbc.driver.OraclePreparedStatement.executeInternal(OraclePreparedStatement.java:3820)
	at oracle.jdbc.driver.OraclePreparedStatement.executeUpdate(OraclePreparedStatement.java:3897)
	at oracle.jdbc.driver.OraclePreparedStatementWrapper.executeUpdate(OraclePreparedStatementWrapper.java:1361)
	at com.revature.dao.AccountDaoJdbc.depositAccount(AccountDaoJdbc.java:66)
	at com.revature.service.AccountServiceImpl.depositAccount(AccountServiceImpl.java:26)
	at com.revature.controller.Controller.console(Controller.java:74)
	at com.revature.controller.Main.main(Main.java:6)
2018-11-25 21:17:42 TRACE Controller:29 - Attempting to connect to ONEBANK.
2018-11-25 21:17:43 INFO  Controller:32 - You are connected!
2018-11-25 21:18:26 TRACE Controller:29 - Attempting to connect to ONEBANK.
2018-11-25 21:18:27 INFO  Controller:32 - You are connected!
2018-11-25 21:19:04 INFO  AccountDaoJdbc:48 - Made it through the try.
2018-11-25 21:19:04 ERROR AccountDaoJdbc:78 - Exception thrown when depositting money into account.
java.sql.SQLSyntaxErrorException: ORA-00942: table or view does not exist

	at oracle.jdbc.driver.T4CTTIoer.processError(T4CTTIoer.java:450)
	at oracle.jdbc.driver.T4CTTIoer.processError(T4CTTIoer.java:399)
	at oracle.jdbc.driver.T4C8Oall.processError(T4C8Oall.java:1017)
	at oracle.jdbc.driver.T4CTTIfun.receive(T4CTTIfun.java:655)
	at oracle.jdbc.driver.T4CTTIfun.doRPC(T4CTTIfun.java:249)
	at oracle.jdbc.driver.T4C8Oall.doOALL(T4C8Oall.java:566)
	at oracle.jdbc.driver.T4CPreparedStatement.doOall8(T4CPreparedStatement.java:215)
	at oracle.jdbc.driver.T4CPreparedStatement.doOall8(T4CPreparedStatement.java:58)
	at oracle.jdbc.driver.T4CPreparedStatement.executeForRows(T4CPreparedStatement.java:943)
	at oracle.jdbc.driver.OracleStatement.doExecuteWithTimeout(OracleStatement.java:1075)
	at oracle.jdbc.driver.OraclePreparedStatement.executeInternal(OraclePreparedStatement.java:3820)
	at oracle.jdbc.driver.OraclePreparedStatement.executeUpdate(OraclePreparedStatement.java:3897)
	at oracle.jdbc.driver.OraclePreparedStatementWrapper.executeUpdate(OraclePreparedStatementWrapper.java:1361)
	at com.revature.dao.AccountDaoJdbc.depositAccount(AccountDaoJdbc.java:66)
	at com.revature.service.AccountServiceImpl.depositAccount(AccountServiceImpl.java:26)
	at com.revature.controller.Controller.console(Controller.java:74)
	at com.revature.controller.Main.main(Main.java:6)
2018-11-25 21:20:03 TRACE Controller:29 - Attempting to connect to ONEBANK.
2018-11-25 21:20:07 INFO  Controller:32 - You are connected!
2018-11-25 21:20:37 TRACE Controller:29 - Attempting to connect to ONEBANK.
2018-11-25 21:20:38 INFO  Controller:32 - You are connected!
2018-11-25 21:23:19 TRACE Controller:29 - Attempting to connect to ONEBANK.
2018-11-25 21:23:20 INFO  Controller:32 - You are connected!
2018-11-25 21:23:41 INFO  AccountDaoJdbc:48 - Made it through the try.
2018-11-25 21:23:41 ERROR AccountDaoJdbc:78 - Exception thrown when depositting money into account.
java.sql.SQLIntegrityConstraintViolationException: ORA-01400: cannot insert NULL into ("ONEBANK"."TRANSACTION"."T_ID")

	at oracle.jdbc.driver.T4CTTIoer.processError(T4CTTIoer.java:450)
	at oracle.jdbc.driver.T4CTTIoer.processError(T4CTTIoer.java:399)
	at oracle.jdbc.driver.T4C8Oall.processError(T4C8Oall.java:1017)
	at oracle.jdbc.driver.T4CTTIfun.receive(T4CTTIfun.java:655)
	at oracle.jdbc.driver.T4CTTIfun.doRPC(T4CTTIfun.java:249)
	at oracle.jdbc.driver.T4C8Oall.doOALL(T4C8Oall.java:566)
	at oracle.jdbc.driver.T4CPreparedStatement.doOall8(T4CPreparedStatement.java:215)
	at oracle.jdbc.driver.T4CPreparedStatement.doOall8(T4CPreparedStatement.java:58)
	at oracle.jdbc.driver.T4CPreparedStatement.executeForRows(T4CPreparedStatement.java:943)
	at oracle.jdbc.driver.OracleStatement.doExecuteWithTimeout(OracleStatement.java:1075)
	at oracle.jdbc.driver.OraclePreparedStatement.executeInternal(OraclePreparedStatement.java:3820)
	at oracle.jdbc.driver.OraclePreparedStatement.executeUpdate(OraclePreparedStatement.java:3897)
	at oracle.jdbc.driver.OraclePreparedStatementWrapper.executeUpdate(OraclePreparedStatementWrapper.java:1361)
	at com.revature.dao.AccountDaoJdbc.depositAccount(AccountDaoJdbc.java:66)
	at com.revature.service.AccountServiceImpl.depositAccount(AccountServiceImpl.java:26)
	at com.revature.controller.Controller.console(Controller.java:74)
	at com.revature.controller.Main.main(Main.java:6)
2018-11-25 22:07:04 TRACE Controller:29 - Attempting to connect to ONEBANK.
2018-11-25 22:07:06 INFO  Controller:32 - You are connected!
2018-11-25 22:07:25 TRACE Controller:29 - Attempting to connect to ONEBANK.
2018-11-25 22:07:27 INFO  Controller:32 - You are connected!
2018-11-25 22:07:50 INFO  AccountDaoJdbc:48 - Made it through the try.
2018-11-25 22:07:50 ERROR AccountDaoJdbc:78 - Exception thrown when depositting money into account.
java.sql.SQLIntegrityConstraintViolationException: ORA-01400: cannot insert NULL into ("ONEBANK"."TRANSACTION"."T_ID")

	at oracle.jdbc.driver.T4CTTIoer.processError(T4CTTIoer.java:450)
	at oracle.jdbc.driver.T4CTTIoer.processError(T4CTTIoer.java:399)
	at oracle.jdbc.driver.T4C8Oall.processError(T4C8Oall.java:1017)
	at oracle.jdbc.driver.T4CTTIfun.receive(T4CTTIfun.java:655)
	at oracle.jdbc.driver.T4CTTIfun.doRPC(T4CTTIfun.java:249)
	at oracle.jdbc.driver.T4C8Oall.doOALL(T4C8Oall.java:566)
	at oracle.jdbc.driver.T4CPreparedStatement.doOall8(T4CPreparedStatement.java:215)
	at oracle.jdbc.driver.T4CPreparedStatement.doOall8(T4CPreparedStatement.java:58)
	at oracle.jdbc.driver.T4CPreparedStatement.executeForRows(T4CPreparedStatement.java:943)
	at oracle.jdbc.driver.OracleStatement.doExecuteWithTimeout(OracleStatement.java:1075)
	at oracle.jdbc.driver.OraclePreparedStatement.executeInternal(OraclePreparedStatement.java:3820)
	at oracle.jdbc.driver.OraclePreparedStatement.executeUpdate(OraclePreparedStatement.java:3897)
	at oracle.jdbc.driver.OraclePreparedStatementWrapper.executeUpdate(OraclePreparedStatementWrapper.java:1361)
	at com.revature.dao.AccountDaoJdbc.depositAccount(AccountDaoJdbc.java:66)
	at com.revature.service.AccountServiceImpl.depositAccount(AccountServiceImpl.java:26)
	at com.revature.controller.Controller.console(Controller.java:74)
	at com.revature.controller.Main.main(Main.java:6)
2018-11-25 22:39:02 TRACE Controller:29 - Attempting to connect to ONEBANK.
2018-11-25 22:39:03 INFO  Controller:32 - You are connected!
2018-11-25 22:39:30 TRACE Controller:29 - Attempting to connect to ONEBANK.
2018-11-25 22:39:31 INFO  Controller:32 - You are connected!
2018-11-25 22:40:02 INFO  AccountDaoJdbc:48 - Made it through the try.
2018-11-25 22:40:02 ERROR AccountDaoJdbc:78 - Exception thrown when depositting money into account.
java.sql.SQLSyntaxErrorException: ORA-01722: invalid number

	at oracle.jdbc.driver.T4CTTIoer.processError(T4CTTIoer.java:450)
	at oracle.jdbc.driver.T4CTTIoer.processError(T4CTTIoer.java:399)
	at oracle.jdbc.driver.T4C8Oall.processError(T4C8Oall.java:1017)
	at oracle.jdbc.driver.T4CTTIfun.receive(T4CTTIfun.java:655)
	at oracle.jdbc.driver.T4CTTIfun.doRPC(T4CTTIfun.java:249)
	at oracle.jdbc.driver.T4C8Oall.doOALL(T4C8Oall.java:566)
	at oracle.jdbc.driver.T4CPreparedStatement.doOall8(T4CPreparedStatement.java:215)
	at oracle.jdbc.driver.T4CPreparedStatement.doOall8(T4CPreparedStatement.java:58)
	at oracle.jdbc.driver.T4CPreparedStatement.executeForRows(T4CPreparedStatement.java:943)
	at oracle.jdbc.driver.OracleStatement.doExecuteWithTimeout(OracleStatement.java:1075)
	at oracle.jdbc.driver.OraclePreparedStatement.executeInternal(OraclePreparedStatement.java:3820)
	at oracle.jdbc.driver.OraclePreparedStatement.executeUpdate(OraclePreparedStatement.java:3897)
	at oracle.jdbc.driver.OraclePreparedStatementWrapper.executeUpdate(OraclePreparedStatementWrapper.java:1361)
	at com.revature.dao.AccountDaoJdbc.depositAccount(AccountDaoJdbc.java:66)
	at com.revature.service.AccountServiceImpl.depositAccount(AccountServiceImpl.java:26)
	at com.revature.controller.Controller.console(Controller.java:80)
	at com.revature.controller.Main.main(Main.java:6)
2018-11-25 22:58:36 TRACE Controller:29 - Attempting to connect to ONEBANK.
2018-11-25 22:58:37 INFO  Controller:32 - You are connected!
2018-11-25 22:59:06 TRACE Controller:29 - Attempting to connect to ONEBANK.
2018-11-25 22:59:12 INFO  Controller:32 - You are connected!
2018-11-25 22:59:59 TRACE Controller:29 - Attempting to connect to ONEBANK.
2018-11-25 23:00:01 INFO  Controller:32 - You are connected!
2018-11-25 23:00:19 INFO  AccountDaoJdbc:48 - Made it through the try.
2018-11-25 23:00:19 ERROR AccountDaoJdbc:78 - Exception thrown when depositing money into account.
java.sql.SQLSyntaxErrorException: ORA-01722: invalid number

	at oracle.jdbc.driver.T4CTTIoer.processError(T4CTTIoer.java:450)
	at oracle.jdbc.driver.T4CTTIoer.processError(T4CTTIoer.java:399)
	at oracle.jdbc.driver.T4C8Oall.processError(T4C8Oall.java:1017)
	at oracle.jdbc.driver.T4CTTIfun.receive(T4CTTIfun.java:655)
	at oracle.jdbc.driver.T4CTTIfun.doRPC(T4CTTIfun.java:249)
	at oracle.jdbc.driver.T4C8Oall.doOALL(T4C8Oall.java:566)
	at oracle.jdbc.driver.T4CPreparedStatement.doOall8(T4CPreparedStatement.java:215)
	at oracle.jdbc.driver.T4CPreparedStatement.doOall8(T4CPreparedStatement.java:58)
	at oracle.jdbc.driver.T4CPreparedStatement.executeForRows(T4CPreparedStatement.java:943)
	at oracle.jdbc.driver.OracleStatement.doExecuteWithTimeout(OracleStatement.java:1075)
	at oracle.jdbc.driver.OraclePreparedStatement.executeInternal(OraclePreparedStatement.java:3820)
	at oracle.jdbc.driver.OraclePreparedStatement.executeUpdate(OraclePreparedStatement.java:3897)
	at oracle.jdbc.driver.OraclePreparedStatementWrapper.executeUpdate(OraclePreparedStatementWrapper.java:1361)
	at com.revature.dao.AccountDaoJdbc.depositAccount(AccountDaoJdbc.java:66)
	at com.revature.service.AccountServiceImpl.depositAccount(AccountServiceImpl.java:26)
	at com.revature.controller.Controller.console(Controller.java:74)
	at com.revature.controller.Main.main(Main.java:6)
2018-11-25 23:01:43 TRACE Controller:29 - Attempting to connect to ONEBANK.
2018-11-25 23:01:44 INFO  Controller:32 - You are connected!
2018-11-25 23:10:33 TRACE Controller:29 - Attempting to connect to ONEBANK.
2018-11-25 23:10:34 INFO  Controller:32 - You are connected!
2018-11-25 23:10:47 INFO  AccountDaoJdbc:48 - Made it through the try.
2018-11-25 23:10:47 ERROR AccountDaoJdbc:78 - Exception thrown when depositing money into account.
java.sql.SQLSyntaxErrorException: ORA-01722: invalid number

	at oracle.jdbc.driver.T4CTTIoer.processError(T4CTTIoer.java:450)
	at oracle.jdbc.driver.T4CTTIoer.processError(T4CTTIoer.java:399)
	at oracle.jdbc.driver.T4C8Oall.processError(T4C8Oall.java:1017)
	at oracle.jdbc.driver.T4CTTIfun.receive(T4CTTIfun.java:655)
	at oracle.jdbc.driver.T4CTTIfun.doRPC(T4CTTIfun.java:249)
	at oracle.jdbc.driver.T4C8Oall.doOALL(T4C8Oall.java:566)
	at oracle.jdbc.driver.T4CPreparedStatement.doOall8(T4CPreparedStatement.java:215)
	at oracle.jdbc.driver.T4CPreparedStatement.doOall8(T4CPreparedStatement.java:58)
	at oracle.jdbc.driver.T4CPreparedStatement.executeForRows(T4CPreparedStatement.java:943)
	at oracle.jdbc.driver.OracleStatement.doExecuteWithTimeout(OracleStatement.java:1075)
	at oracle.jdbc.driver.OraclePreparedStatement.executeInternal(OraclePreparedStatement.java:3820)
	at oracle.jdbc.driver.OraclePreparedStatement.executeUpdate(OraclePreparedStatement.java:3897)
	at oracle.jdbc.driver.OraclePreparedStatementWrapper.executeUpdate(OraclePreparedStatementWrapper.java:1361)
	at com.revature.dao.AccountDaoJdbc.depositAccount(AccountDaoJdbc.java:66)
	at com.revature.service.AccountServiceImpl.depositAccount(AccountServiceImpl.java:26)
	at com.revature.controller.Controller.console(Controller.java:74)
	at com.revature.controller.Main.main(Main.java:6)
2018-11-25 23:18:27 TRACE Controller:29 - Attempting to connect to ONEBANK.
2018-11-25 23:18:28 INFO  Controller:32 - You are connected!
2018-11-25 23:19:13 INFO  AccountDaoJdbc:48 - Made it through the try.
2018-11-25 23:19:13 ERROR AccountDaoJdbc:78 - Exception thrown when depositing money into account.
java.sql.SQLSyntaxErrorException: ORA-01722: invalid number

	at oracle.jdbc.driver.T4CTTIoer.processError(T4CTTIoer.java:450)
	at oracle.jdbc.driver.T4CTTIoer.processError(T4CTTIoer.java:399)
	at oracle.jdbc.driver.T4C8Oall.processError(T4C8Oall.java:1017)
	at oracle.jdbc.driver.T4CTTIfun.receive(T4CTTIfun.java:655)
	at oracle.jdbc.driver.T4CTTIfun.doRPC(T4CTTIfun.java:249)
	at oracle.jdbc.driver.T4C8Oall.doOALL(T4C8Oall.java:566)
	at oracle.jdbc.driver.T4CPreparedStatement.doOall8(T4CPreparedStatement.java:215)
	at oracle.jdbc.driver.T4CPreparedStatement.doOall8(T4CPreparedStatement.java:58)
	at oracle.jdbc.driver.T4CPreparedStatement.executeForRows(T4CPreparedStatement.java:943)
	at oracle.jdbc.driver.OracleStatement.doExecuteWithTimeout(OracleStatement.java:1075)
	at oracle.jdbc.driver.OraclePreparedStatement.executeInternal(OraclePreparedStatement.java:3820)
	at oracle.jdbc.driver.OraclePreparedStatement.executeUpdate(OraclePreparedStatement.java:3897)
	at oracle.jdbc.driver.OraclePreparedStatementWrapper.executeUpdate(OraclePreparedStatementWrapper.java:1361)
	at com.revature.dao.AccountDaoJdbc.depositAccount(AccountDaoJdbc.java:66)
	at com.revature.service.AccountServiceImpl.depositAccount(AccountServiceImpl.java:26)
	at com.revature.controller.Controller.console(Controller.java:80)
	at com.revature.controller.Main.main(Main.java:6)
2018-11-25 23:21:14 TRACE Controller:29 - Attempting to connect to ONEBANK.
2018-11-25 23:21:15 INFO  Controller:32 - You are connected!
2018-11-25 23:21:30 INFO  AccountDaoJdbc:48 - Made it through the try.
2018-11-25 23:21:30 ERROR AccountDaoJdbc:78 - Exception thrown when depositing money into account.
java.sql.SQLSyntaxErrorException: ORA-01722: invalid number

	at oracle.jdbc.driver.T4CTTIoer.processError(T4CTTIoer.java:450)
	at oracle.jdbc.driver.T4CTTIoer.processError(T4CTTIoer.java:399)
	at oracle.jdbc.driver.T4C8Oall.processError(T4C8Oall.java:1017)
	at oracle.jdbc.driver.T4CTTIfun.receive(T4CTTIfun.java:655)
	at oracle.jdbc.driver.T4CTTIfun.doRPC(T4CTTIfun.java:249)
	at oracle.jdbc.driver.T4C8Oall.doOALL(T4C8Oall.java:566)
	at oracle.jdbc.driver.T4CPreparedStatement.doOall8(T4CPreparedStatement.java:215)
	at oracle.jdbc.driver.T4CPreparedStatement.doOall8(T4CPreparedStatement.java:58)
	at oracle.jdbc.driver.T4CPreparedStatement.executeForRows(T4CPreparedStatement.java:943)
	at oracle.jdbc.driver.OracleStatement.doExecuteWithTimeout(OracleStatement.java:1075)
	at oracle.jdbc.driver.OraclePreparedStatement.executeInternal(OraclePreparedStatement.java:3820)
	at oracle.jdbc.driver.OraclePreparedStatement.executeUpdate(OraclePreparedStatement.java:3897)
	at oracle.jdbc.driver.OraclePreparedStatementWrapper.executeUpdate(OraclePreparedStatementWrapper.java:1361)
	at com.revature.dao.AccountDaoJdbc.depositAccount(AccountDaoJdbc.java:66)
	at com.revature.service.AccountServiceImpl.depositAccount(AccountServiceImpl.java:26)
	at com.revature.controller.Controller.console(Controller.java:74)
	at com.revature.controller.Main.main(Main.java:6)
2018-11-25 23:36:28 TRACE Controller:29 - Attempting to connect to ONEBANK.
2018-11-25 23:36:29 INFO  Controller:32 - You are connected!
2018-11-25 23:37:13 TRACE Controller:29 - Attempting to connect to ONEBANK.
2018-11-25 23:37:14 INFO  Controller:32 - You are connected!
2018-11-25 23:55:54 TRACE Controller:29 - Attempting to connect to ONEBANK.
2018-11-25 23:55:55 INFO  Controller:32 - You are connected!
2018-11-25 23:56:22 TRACE Controller:29 - Attempting to connect to ONEBANK.
2018-11-25 23:56:23 INFO  Controller:32 - You are connected!
2018-11-25 23:56:52 TRACE Controller:29 - Attempting to connect to ONEBANK.
2018-11-25 23:56:53 INFO  Controller:32 - You are connected!
2018-11-25 23:57:08 INFO  AccountDaoJdbc:48 - Made it through the try.
2018-11-25 23:57:08 ERROR AccountDaoJdbc:78 - Exception thrown when depositing money into account.
java.sql.SQLSyntaxErrorException: ORA-01722: invalid number

	at oracle.jdbc.driver.T4CTTIoer.processError(T4CTTIoer.java:450)
	at oracle.jdbc.driver.T4CTTIoer.processError(T4CTTIoer.java:399)
	at oracle.jdbc.driver.T4C8Oall.processError(T4C8Oall.java:1017)
	at oracle.jdbc.driver.T4CTTIfun.receive(T4CTTIfun.java:655)
	at oracle.jdbc.driver.T4CTTIfun.doRPC(T4CTTIfun.java:249)
	at oracle.jdbc.driver.T4C8Oall.doOALL(T4C8Oall.java:566)
	at oracle.jdbc.driver.T4CPreparedStatement.doOall8(T4CPreparedStatement.java:215)
	at oracle.jdbc.driver.T4CPreparedStatement.doOall8(T4CPreparedStatement.java:58)
	at oracle.jdbc.driver.T4CPreparedStatement.executeForRows(T4CPreparedStatement.java:943)
	at oracle.jdbc.driver.OracleStatement.doExecuteWithTimeout(OracleStatement.java:1075)
	at oracle.jdbc.driver.OraclePreparedStatement.executeInternal(OraclePreparedStatement.java:3820)
	at oracle.jdbc.driver.OraclePreparedStatement.executeUpdate(OraclePreparedStatement.java:3897)
	at oracle.jdbc.driver.OraclePreparedStatementWrapper.executeUpdate(OraclePreparedStatementWrapper.java:1361)
	at com.revature.dao.AccountDaoJdbc.depositAccount(AccountDaoJdbc.java:66)
	at com.revature.service.AccountServiceImpl.depositAccount(AccountServiceImpl.java:26)
	at com.revature.controller.Controller.console(Controller.java:79)
	at com.revature.controller.Main.main(Main.java:6)
2018-11-26 00:19:07 TRACE Controller:29 - Attempting to connect to ONEBANK.
2018-11-26 00:19:08 INFO  Controller:32 - You are connected!
2018-11-26 00:19:45 TRACE Controller:29 - Attempting to connect to ONEBANK.
2018-11-26 00:19:46 INFO  Controller:32 - You are connected!
2018-11-26 00:21:28 TRACE Controller:29 - Attempting to connect to ONEBANK.
2018-11-26 00:21:32 INFO  Controller:32 - You are connected!
2018-11-26 00:21:56 INFO  AccountDaoJdbc:48 - Made it through the try.
2018-11-26 00:21:56 ERROR AccountDaoJdbc:79 - Exception thrown when depositing money into account.
java.sql.SQLSyntaxErrorException: ORA-01722: invalid number

	at oracle.jdbc.driver.T4CTTIoer.processError(T4CTTIoer.java:450)
	at oracle.jdbc.driver.T4CTTIoer.processError(T4CTTIoer.java:399)
	at oracle.jdbc.driver.T4C8Oall.processError(T4C8Oall.java:1017)
	at oracle.jdbc.driver.T4CTTIfun.receive(T4CTTIfun.java:655)
	at oracle.jdbc.driver.T4CTTIfun.doRPC(T4CTTIfun.java:249)
	at oracle.jdbc.driver.T4C8Oall.doOALL(T4C8Oall.java:566)
	at oracle.jdbc.driver.T4CPreparedStatement.doOall8(T4CPreparedStatement.java:215)
	at oracle.jdbc.driver.T4CPreparedStatement.doOall8(T4CPreparedStatement.java:58)
	at oracle.jdbc.driver.T4CPreparedStatement.executeForRows(T4CPreparedStatement.java:943)
	at oracle.jdbc.driver.OracleStatement.doExecuteWithTimeout(OracleStatement.java:1075)
	at oracle.jdbc.driver.OraclePreparedStatement.executeInternal(OraclePreparedStatement.java:3820)
	at oracle.jdbc.driver.OraclePreparedStatement.executeUpdate(OraclePreparedStatement.java:3897)
	at oracle.jdbc.driver.OraclePreparedStatementWrapper.executeUpdate(OraclePreparedStatementWrapper.java:1361)
	at com.revature.dao.AccountDaoJdbc.depositAccount(AccountDaoJdbc.java:67)
	at com.revature.service.AccountServiceImpl.depositAccount(AccountServiceImpl.java:26)
	at com.revature.controller.Controller.console(Controller.java:79)
	at com.revature.controller.Main.main(Main.java:6)
2018-11-26 00:28:05 TRACE Controller:29 - Attempting to connect to ONEBANK.
2018-11-26 00:28:06 INFO  Controller:32 - You are connected!
2018-11-26 00:28:25 TRACE Controller:29 - Attempting to connect to ONEBANK.
2018-11-26 00:28:26 INFO  Controller:32 - You are connected!
2018-11-26 00:28:41 INFO  AccountDaoJdbc:48 - Made it through the try.
2018-11-26 00:28:41 ERROR AccountDaoJdbc:79 - Exception thrown when depositing money into account.
java.sql.SQLSyntaxErrorException: ORA-01722: invalid number

	at oracle.jdbc.driver.T4CTTIoer.processError(T4CTTIoer.java:450)
	at oracle.jdbc.driver.T4CTTIoer.processError(T4CTTIoer.java:399)
	at oracle.jdbc.driver.T4C8Oall.processError(T4C8Oall.java:1017)
	at oracle.jdbc.driver.T4CTTIfun.receive(T4CTTIfun.java:655)
	at oracle.jdbc.driver.T4CTTIfun.doRPC(T4CTTIfun.java:249)
	at oracle.jdbc.driver.T4C8Oall.doOALL(T4C8Oall.java:566)
	at oracle.jdbc.driver.T4CPreparedStatement.doOall8(T4CPreparedStatement.java:215)
	at oracle.jdbc.driver.T4CPreparedStatement.doOall8(T4CPreparedStatement.java:58)
	at oracle.jdbc.driver.T4CPreparedStatement.executeForRows(T4CPreparedStatement.java:943)
	at oracle.jdbc.driver.OracleStatement.doExecuteWithTimeout(OracleStatement.java:1075)
	at oracle.jdbc.driver.OraclePreparedStatement.executeInternal(OraclePreparedStatement.java:3820)
	at oracle.jdbc.driver.OraclePreparedStatement.executeUpdate(OraclePreparedStatement.java:3897)
	at oracle.jdbc.driver.OraclePreparedStatementWrapper.executeUpdate(OraclePreparedStatementWrapper.java:1361)
	at com.revature.dao.AccountDaoJdbc.depositAccount(AccountDaoJdbc.java:67)
	at com.revature.service.AccountServiceImpl.depositAccount(AccountServiceImpl.java:26)
	at com.revature.controller.Controller.console(Controller.java:79)
	at com.revature.controller.Main.main(Main.java:6)
2018-11-26 00:47:50 TRACE Controller:29 - Attempting to connect to ONEBANK.
2018-11-26 00:47:51 INFO  Controller:32 - You are connected!
2018-11-26 00:48:03 INFO  AccountDaoJdbc:48 - Made it through the try.
2018-11-26 00:48:35 TRACE Controller:29 - Attempting to connect to ONEBANK.
2018-11-26 00:48:36 INFO  Controller:32 - You are connected!
2018-11-26 00:54:51 TRACE Controller:29 - Attempting to connect to ONEBANK.
2018-11-26 00:54:58 INFO  Controller:32 - You are connected!
2018-11-26 00:58:35 TRACE Controller:29 - Attempting to connect to ONEBANK.
2018-11-26 00:58:36 INFO  Controller:32 - You are connected!
2018-11-26 00:59:39 TRACE Controller:29 - Attempting to connect to ONEBANK.
2018-11-26 00:59:40 INFO  Controller:32 - You are connected!
2018-11-26 00:59:50 INFO  AccountDaoJdbc:48 - Made it through the try.
2018-11-26 01:00:00 TRACE Controller:29 - Attempting to connect to ONEBANK.
2018-11-26 01:00:01 INFO  Controller:32 - You are connected!
2018-11-26 01:01:20 TRACE Controller:29 - Attempting to connect to ONEBANK.
2018-11-26 01:01:21 INFO  Controller:32 - You are connected!
2018-11-26 01:01:31 TRACE Controller:29 - Attempting to connect to ONEBANK.
2018-11-26 01:01:32 INFO  Controller:32 - You are connected!
2018-11-26 01:01:41 INFO  AccountDaoJdbc:48 - Made it through the try.
2018-11-26 01:01:44 TRACE Controller:29 - Attempting to connect to ONEBANK.
2018-11-26 01:01:45 INFO  Controller:32 - You are connected!
2018-11-26 01:02:12 TRACE Controller:29 - Attempting to connect to ONEBANK.
2018-11-26 01:02:13 INFO  Controller:32 - You are connected!
2018-11-26 01:11:33 TRACE Controller:30 - Attempting to connect to ONEBANK.
2018-11-26 01:11:35 INFO  Controller:33 - You are connected!
2018-11-26 01:11:46 INFO  AccountDaoJdbc:48 - Made it through the try.
2018-11-26 01:11:50 TRACE Controller:30 - Attempting to connect to ONEBANK.
2018-11-26 01:11:51 INFO  Controller:33 - You are connected!
2018-11-26 01:43:00 TRACE Controller:30 - Attempting to connect to ONEBANK.
2018-11-26 01:43:01 INFO  Controller:33 - You are connected!
2018-11-26 01:43:17 INFO  AccountDaoJdbc:48 - Made it through the try.
2018-11-26 01:47:08 TRACE Controller:30 - Attempting to connect to ONEBANK.
2018-11-26 01:47:09 INFO  Controller:33 - You are connected!
2018-11-26 01:47:26 INFO  AccountDaoJdbc:48 - Made it through the try.
2018-11-26 01:47:38 TRACE Controller:30 - Attempting to connect to ONEBANK.
2018-11-26 01:47:39 INFO  Controller:33 - You are connected!
2022-11-10 12:51:39 TRACE Controller:28 - Attempting to connect to ONEBANK.
2022-11-10 12:51:39 ERROR Controller:33 - Issue connecting to ONEBANK.
java.sql.SQLException: The url cannot be null
	at java.sql.DriverManager.getConnection(DriverManager.java:649)
	at java.sql.DriverManager.getConnection(DriverManager.java:247)
	at com.revature.controller.MyConnection.getConnection(MyConnection.java:26)
	at com.revature.controller.Controller.console(Controller.java:30)
	at com.revature.controller.Main.main(Main.java:6)
2022-11-10 12:51:50 TRACE Controller:28 - Attempting to connect to ONEBANK.
2022-11-10 12:51:50 ERROR Controller:33 - Issue connecting to ONEBANK.
java.sql.SQLException: The url cannot be null
	at java.sql.DriverManager.getConnection(DriverManager.java:649)
	at java.sql.DriverManager.getConnection(DriverManager.java:247)
	at com.revature.controller.MyConnection.getConnection(MyConnection.java:26)
	at com.revature.controller.Controller.console(Controller.java:30)
	at com.revature.controller.Main.main(Main.java:6)
2022-11-10 12:51:56 ERROR AccountDaoJdbc:171 - java.sql.SQLException: The url cannot be null
2022-11-10 12:51:56 ERROR AccountDaoJdbc:171 - java.sql.SQLException: The url cannot be null
2022-11-10 12:52:11 TRACE Controller:28 - Attempting to connect to ONEBANK.
2022-11-10 12:52:11 ERROR Controller:33 - Issue connecting to ONEBANK.
java.sql.SQLException: The url cannot be null
	at java.sql.DriverManager.getConnection(DriverManager.java:649)
	at java.sql.DriverManager.getConnection(DriverManager.java:247)
	at com.revature.controller.MyConnection.getConnection(MyConnection.java:26)
	at com.revature.controller.Controller.console(Controller.java:30)
	at com.revature.controller.Main.main(Main.java:6)
2022-11-10 12:52:32 ERROR AccountDaoJdbc:143 - java.sql.SQLException: The url cannot be null
2022-11-10 20:12:40 TRACE Controller:26 - Attempting to connect to ONEBANK.
2022-11-10 20:12:40 TRACE MyConnection:26 - Testing connection...
2022-11-10 20:12:40 ERROR Controller:31 - Issue connecting to ONEBANK.
java.sql.SQLException: No suitable driver found for postgres://postgres:postgrespw@localhost:55000
	at java.sql.DriverManager.getConnection(DriverManager.java:689)
	at java.sql.DriverManager.getConnection(DriverManager.java:247)
	at com.revature.controller.MyConnection.getConnection(MyConnection.java:27)
	at com.revature.controller.Controller.console(Controller.java:28)
	at com.revature.controller.Main.main(Main.java:6)
2022-11-10 20:12:52 TRACE MyConnection:26 - Testing connection...
2022-11-10 20:12:52 ERROR AccountDaoJdbc:167 - java.sql.SQLException: No suitable driver found for postgres://postgres:postgrespw@localhost:55000
2022-11-10 20:12:52 TRACE MyConnection:26 - Testing connection...
2022-11-10 20:12:52 ERROR AccountDaoJdbc:167 - java.sql.SQLException: No suitable driver found for postgres://postgres:postgrespw@localhost:55000
2022-11-18 12:14:48 TRACE Controller:26 - Attempting to connect to ONEBANK.
2022-11-18 12:14:48 TRACE MyConnection:26 - Testing connection...
2022-11-18 12:14:48 ERROR Controller:31 - Issue connecting to ONEBANK.
java.sql.SQLException: No suitable driver found for postgres://postgres:postgrespw@localhost:55000
	at java.sql.DriverManager.getConnection(DriverManager.java:689)
	at java.sql.DriverManager.getConnection(DriverManager.java:247)
	at com.revature.controller.MyConnection.getConnection(MyConnection.java:27)
	at com.revature.controller.Controller.console(Controller.java:28)
	at com.revature.controller.Main.main(Main.java:6)
2022-11-18 12:15:01 TRACE MyConnection:26 - Testing connection...
2022-11-18 12:15:01 ERROR AccountDaoJdbc:139 - java.sql.SQLException: No suitable driver found for postgres://postgres:postgrespw@localhost:55000
2022-11-18 12:23:18 TRACE Controller:26 - Attempting to connect to ONEBANK.
2022-11-18 12:23:18 TRACE MyConnection:26 - Testing connection...
2022-11-18 12:23:18 ERROR Controller:31 - Issue connecting to ONEBANK.
java.sql.SQLException: No suitable driver found for postgres://postgres:postgrespw@localhost:55000
	at java.sql.DriverManager.getConnection(DriverManager.java:689)
	at java.sql.DriverManager.getConnection(DriverManager.java:247)
	at com.revature.controller.MyConnection.getConnection(MyConnection.java:27)
	at com.revature.controller.Controller.console(Controller.java:28)
	at com.revature.controller.Main.main(Main.java:6)
2022-11-18 13:15:02 TRACE Controller:26 - Attempting to connect to ONEBANK.
2022-11-18 13:15:02 TRACE MyConnection:26 - Testing connection...
2022-11-18 13:15:02 ERROR Controller:31 - Issue connecting to ONEBANK.
java.sql.SQLException: No suitable driver found for postgres://postgres:postgrespw@localhost:55000
	at java.sql.DriverManager.getConnection(DriverManager.java:689)
	at java.sql.DriverManager.getConnection(DriverManager.java:247)
	at com.revature.controller.MyConnection.getConnection(MyConnection.java:27)
	at com.revature.controller.Controller.console(Controller.java:28)
	at com.revature.controller.Main.main(Main.java:6)
2022-11-18 13:21:17 TRACE Controller:26 - Attempting to connect to ONEBANK.
2022-11-18 13:21:17 TRACE MyConnection:26 - Testing connection...
2022-11-18 13:21:17 ERROR Controller:31 - Issue connecting to ONEBANK.
java.sql.SQLException: No suitable driver found for postgres://postgres:postgrespw@localhost:55000
	at java.sql/java.sql.DriverManager.getConnection(DriverManager.java:702)
	at java.sql/java.sql.DriverManager.getConnection(DriverManager.java:228)
	at com.revature.controller.MyConnection.getConnection(MyConnection.java:27)
	at com.revature.controller.Controller.console(Controller.java:28)
	at com.revature.controller.Main.main(Main.java:6)
2022-11-18 13:26:04 TRACE Controller:26 - Attempting to connect to ONEBANK.
2022-11-18 13:26:04 TRACE MyConnection:26 - Testing connection...
2022-11-18 13:26:04 ERROR Controller:31 - Issue connecting to ONEBANK.
java.sql.SQLException: No suitable driver found for postgres://postgres:postgrespw@localhost:55000
	at java.sql/java.sql.DriverManager.getConnection(DriverManager.java:702)
	at java.sql/java.sql.DriverManager.getConnection(DriverManager.java:228)
	at com.revature.controller.MyConnection.getConnection(MyConnection.java:27)
	at com.revature.controller.Controller.console(Controller.java:28)
	at com.revature.controller.Main.main(Main.java:6)
2022-12-04 10:33:03 TRACE Controller:27 - Attempting to connect to ONEBANK.
2022-12-04 10:33:03 TRACE MyConnection:23 - Testing connection...
2022-12-04 10:33:03 ERROR Controller:32 - Issue connecting to ONEBANK.
java.sql.SQLException: No suitable driver found for postgres://postgres:postgrespw@localhost:55000
	at java.sql/java.sql.DriverManager.getConnection(DriverManager.java:702)
	at java.sql/java.sql.DriverManager.getConnection(DriverManager.java:228)
	at com.revature.controller.MyConnection.getConnection(MyConnection.java:24)
	at com.revature.controller.Controller.console(Controller.java:29)
	at com.revature.controller.Main.main(Main.java:6)
2022-12-04 10:37:39 TRACE Controller:27 - Attempting to connect to ONEBANK.
2022-12-04 10:37:39 TRACE MyConnection:22 - Testing connection...
2022-12-04 10:37:39 ERROR Controller:32 - Issue connecting to ONEBANK.
java.sql.SQLException: No suitable driver found for postgres://postgres:postgrespw@localhost:5455
	at java.sql/java.sql.DriverManager.getConnection(DriverManager.java:702)
	at java.sql/java.sql.DriverManager.getConnection(DriverManager.java:228)
	at com.revature.controller.MyConnection.getConnection(MyConnection.java:23)
	at com.revature.controller.Controller.console(Controller.java:29)
	at com.revature.controller.Main.main(Main.java:6)
2022-12-04 10:48:24 TRACE Controller:27 - Attempting to connect to ONEBANK.
2022-12-04 10:48:24 TRACE MyConnection:23 - Testing connection...
2022-12-04 10:48:24 ERROR Controller:32 - Issue connecting to ONEBANK.
org.postgresql.util.PSQLException: FATAL: database "postgresUser" does not exist
	at org.postgresql.core.v3.QueryExecutorImpl.receiveErrorResponse(QueryExecutorImpl.java:2676)
	at org.postgresql.core.v3.QueryExecutorImpl.readStartupMessages(QueryExecutorImpl.java:2788)
	at org.postgresql.core.v3.QueryExecutorImpl.<init>(QueryExecutorImpl.java:174)
	at org.postgresql.core.v3.ConnectionFactoryImpl.openConnectionImpl(ConnectionFactoryImpl.java:290)
	at org.postgresql.core.ConnectionFactory.openConnection(ConnectionFactory.java:49)
	at org.postgresql.jdbc.PgConnection.<init>(PgConnection.java:247)
	at org.postgresql.Driver.makeConnection(Driver.java:434)
	at org.postgresql.Driver.connect(Driver.java:291)
	at java.sql/java.sql.DriverManager.getConnection(DriverManager.java:677)
	at java.sql/java.sql.DriverManager.getConnection(DriverManager.java:228)
	at com.revature.controller.MyConnection.getConnection(MyConnection.java:24)
	at com.revature.controller.Controller.console(Controller.java:29)
	at com.revature.controller.Main.main(Main.java:6)
2022-12-04 11:03:42 TRACE Controller:27 - Attempting to connect to ONEBANK.
2022-12-04 11:03:42 TRACE MyConnection:22 - Testing connection...
2022-12-04 11:03:43 INFO  Controller:30 - You are connected!
2022-12-04 15:28:17 TRACE Controller:32 - Attempting to connect to CAA Client database...
2022-12-04 15:28:17 TRACE MyConnection:21 - Testing connection...
2022-12-04 15:28:18 INFO  Controller:35 - You are connected!
2022-12-04 21:44:52 TRACE Controller:32 - Attempting to connect to CAA Client database...
2022-12-04 21:44:52 TRACE MyConnection:21 - Testing connection...
2022-12-04 21:44:52 INFO  Controller:35 - You are connected!
